e:\users\wangkun\documents\visual studio 2013\projects\signalproc\signalproc\debug\vc120.pdb
e:\users\wangkun\documents\visual studio 2013\projects\signalproc\signalproc\debug\vc120.idb
e:\users\wangkun\documents\visual studio 2013\projects\signalproc\signalproc\debug\legendre.nativecodeanalysis.xml
e:\users\wangkun\documents\visual studio 2013\projects\signalproc\signalproc\debug\main.nativecodeanalysis.xml
e:\users\wangkun\documents\visual studio 2013\projects\signalproc\signalproc\debug\tchebichef.nativecodeanalysis.xml
e:\users\wangkun\documents\visual studio 2013\projects\signalproc\signalproc\debug\tool.nativecodeanalysis.xml
e:\users\wangkun\documents\visual studio 2013\projects\signalproc\signalproc\debug\vmoments.nativecodeanalysis.xml
e:\users\wangkun\documents\visual studio 2013\projects\signalproc\signalproc\debug\zernike.nativecodeanalysis.xml
e:\users\wangkun\documents\visual studio 2013\projects\signalproc\signalproc\debug\zernike.obj
e:\users\wangkun\documents\visual studio 2013\projects\signalproc\signalproc\debug\vmoments.obj
e:\users\wangkun\documents\visual studio 2013\projects\signalproc\signalproc\debug\tool.obj
e:\users\wangkun\documents\visual studio 2013\projects\signalproc\signalproc\debug\tchebichef.obj
e:\users\wangkun\documents\visual studio 2013\projects\signalproc\signalproc\debug\main.obj
e:\users\wangkun\documents\visual studio 2013\projects\signalproc\signalproc\debug\legendre.obj
e:\users\wangkun\documents\visual studio 2013\projects\signalproc\debug\signalproc.ilk
e:\users\wangkun\documents\visual studio 2013\projects\signalproc\debug\signalproc.exe
e:\users\wangkun\documents\visual studio 2013\projects\signalproc\debug\signalproc.pdb
e:\users\wangkun\documents\visual studio 2013\projects\signalproc\signalproc\debug\nativecodeanalysis.read.1.tlog
e:\users\wangkun\documents\visual studio 2013\projects\signalproc\signalproc\debug\vc.nativecodeanalysis.all.xml
e:\users\wangkun\documents\visual studio 2013\projects\signalproc\debug\signalproc.exe.lastcodeanalysissucceeded
e:\users\wangkun\documents\visual studio 2013\projects\signalproc\signalproc\debug\signalproc.tlog\cl.command.1.tlog
e:\users\wangkun\documents\visual studio 2013\projects\signalproc\signalproc\debug\signalproc.tlog\cl.read.1.tlog
e:\users\wangkun\documents\visual studio 2013\projects\signalproc\signalproc\debug\signalproc.tlog\cl.write.1.tlog
e:\users\wangkun\documents\visual studio 2013\projects\signalproc\signalproc\debug\signalproc.tlog\link.command.1.tlog
e:\users\wangkun\documents\visual studio 2013\projects\signalproc\signalproc\debug\signalproc.tlog\link.read.1.tlog
e:\users\wangkun\documents\visual studio 2013\projects\signalproc\signalproc\debug\signalproc.tlog\link.write.1.tlog
